mode: set
github.com/wcygan/simple-connect-web-stack/internal/db/db.go:9.31,23.16 3 0
github.com/wcygan/simple-connect-web-stack/internal/db/db.go:23.16,25.3 1 0
github.com/wcygan/simple-connect-web-stack/internal/db/db.go:27.2,27.12 1 0
github.com/wcygan/simple-connect-web-stack/cmd/server/main.go:19.13,22.17 2 0
github.com/wcygan/simple-connect-web-stack/cmd/server/main.go:22.17,24.3 1 0
github.com/wcygan/simple-connect-web-stack/cmd/server/main.go:27.2,28.16 2 0
github.com/wcygan/simple-connect-web-stack/cmd/server/main.go:28.16,30.3 1 0
github.com/wcygan/simple-connect-web-stack/cmd/server/main.go:31.2,37.6 4 0
github.com/wcygan/simple-connect-web-stack/cmd/server/main.go:37.6,38.51 1 0
github.com/wcygan/simple-connect-web-stack/cmd/server/main.go:38.51,39.9 1 0
github.com/wcygan/simple-connect-web-stack/cmd/server/main.go:41.3,43.23 3 0
github.com/wcygan/simple-connect-web-stack/cmd/server/main.go:43.23,45.4 1 0
github.com/wcygan/simple-connect-web-stack/cmd/server/main.go:49.2,49.44 1 0
github.com/wcygan/simple-connect-web-stack/cmd/server/main.go:49.44,51.3 1 0
github.com/wcygan/simple-connect-web-stack/cmd/server/main.go:54.2,68.16 7 0
github.com/wcygan/simple-connect-web-stack/cmd/server/main.go:68.16,70.3 1 0
github.com/wcygan/simple-connect-web-stack/cmd/server/main.go:73.2,79.12 2 0
github.com/wcygan/simple-connect-web-stack/cmd/server/main.go:79.12,81.80 2 0
github.com/wcygan/simple-connect-web-stack/cmd/server/main.go:81.80,83.4 1 0
github.com/wcygan/simple-connect-web-stack/cmd/server/main.go:87.2,96.53 7 0
github.com/wcygan/simple-connect-web-stack/cmd/server/main.go:96.53,98.3 1 0
github.com/wcygan/simple-connect-web-stack/cmd/server/main.go:100.2,100.30 1 0
github.com/wcygan/simple-connect-web-stack/cmd/server/main.go:104.44,105.71 1 0
github.com/wcygan/simple-connect-web-stack/cmd/server/main.go:105.71,111.28 4 0
github.com/wcygan/simple-connect-web-stack/cmd/server/main.go:111.28,114.4 2 0
github.com/wcygan/simple-connect-web-stack/cmd/server/main.go:116.3,116.20 1 0
